<?xml version="1.0" encoding="UTF-8"?>
<!-- Generated by org.testng.reporters.JUnitReportReporter -->
<testsuite hostname="RamLaptop" failures="0" tests="2" name="TestCases.NavigateHome" time="12.067" errors="0" timestamp="2020-10-30T10:17:25 IST" skipped="0">
  <testcase classname="TestCases.NavigateHome" name="navigateHome" time="5.504"/>
  <system-out/>
  <testcase classname="TestCases.NavigateHome" name="navigateHome" time="6.563"/>
  <system-out/>
</testsuite> <!-- TestCases.NavigateHome -->
