<?xml version="1.0" encoding="UTF-8"?>
<!-- Generated by org.testng.reporters.JUnitReportReporter -->
<testsuite hostname="RamLaptop" failures="0" tests="1" name="TestCases.Child" time="5.492" errors="0" timestamp="2020-10-29T09:34:00 IST" skipped="0">
  <testcase classname="TestCases.Child" name="navigateHome" time="5.492"/>
  <system-out/>
</testsuite> <!-- TestCases.Child -->
