<?xml version="1.0" encoding="UTF-8"?>
<!-- Generated by org.testng.reporters.JUnitReportReporter -->
<testsuite hostname="RamLaptop" failures="0" tests="1" name="TestCases.Register" time="4.792" errors="0" timestamp="2020-10-29T22:32:37 IST" skipped="0">
  <testcase classname="TestCases.Register" name="Register" time="4.792"/>
  <system-out/>
</testsuite> <!-- TestCases.Register -->
