<?xml version="1.0" encoding="UTF-8"?>
<!-- Generated by org.testng.reporters.JUnitReportReporter -->
<testsuite hostname="RamLaptop" failures="0" tests="1" name="TestCases.Register" time="14.882" errors="0" timestamp="2020-10-30T10:26:46 IST" skipped="0">
  <testcase classname="TestCases.Register" name="Register" time="14.882"/>
  <system-out/>
</testsuite> <!-- TestCases.Register -->
