<?xml version="1.0" encoding="UTF-8"?>
<!-- Generated by org.testng.reporters.JUnitReportReporter -->
<testsuite hostname="RamLaptop" failures="0" tests="2" name="TestCases.NavigateHome" time="12.904" errors="0" timestamp="2020-10-30T10:26:46 IST" skipped="0">
  <testcase classname="TestCases.NavigateHome" name="navigateHome" time="7.292"/>
  <system-out/>
  <testcase classname="TestCases.NavigateHome" name="navigateHome" time="5.612"/>
  <system-out/>
</testsuite> <!-- TestCases.NavigateHome -->
